<?xml version="1.0" encoding="UTF-8"?>
<!-- Generated by org.testng.reporters.JUnitReportReporter -->
<testsuite hostname="LaptopThu" failures="1" tests="1" name="webdriver.Topic_08_Default_Radio_Checkbox" time="6.476" errors="0" timestamp="25 May 2022 15:39:05 GMT" skipped="0">
  <testcase classname="webdriver.Topic_08_Default_Radio_Checkbox" name="TC01_Button" time="6.476">
    <failure message="expected [Thông tin này không thể để trống] but found [[[ChromeDriver: chrome on WINDOWS (65dbd4bd2fe3dd32ca1eeb241ea944ad)] -&gt; xpath: //div[@class=&#039;popup-login-content&#039;]//label[text()=&#039;Số điện thoại/Email&#039;]/following-sibling::div[@class=&#039;fhs-input-alert&#039;]]]" type="java.lang.AssertionError">
      <![CDATA[java.lang.AssertionError: expected [Thông tin này không thể để trống] but found [[[ChromeDriver: chrome on WINDOWS (65dbd4bd2fe3dd32ca1eeb241ea944ad)] -> xpath: //div[@class='popup-login-content']//label[text()='Số điện thoại/Email']/following-sibling::div[@class='fhs-input-alert']]]
at org.testng.Assert.fail(Assert.java:96)
at org.testng.Assert.failNotEquals(Assert.java:776)
at org.testng.Assert.assertEqualsImpl(Assert.java:137)
at org.testng.Assert.assertEquals(Assert.java:118)
at org.testng.Assert.assertEquals(Assert.java:442)
at webdriver.Topic_08_Default_Radio_Checkbox.TC01_Button(Topic_08_Default_Radio_Checkbox.java:84)
at java.base/jdk.internal.reflect.NativeMethodAccessorImpl.invoke0(Native Method)
at java.base/jdk.internal.reflect.NativeMethodAccessorImpl.invoke(NativeMethodAccessorImpl.java:77)
at java.base/jdk.internal.reflect.DelegatingMethodAccessorImpl.invoke(DelegatingMethodAccessorImpl.java:43)
at java.base/java.lang.reflect.Method.invoke(Method.java:568)
at org.testng.internal.MethodInvocationHelper.invokeMethod(MethodInvocationHelper.java:124)
at org.testng.internal.Invoker.invokeMethod(Invoker.java:583)
at org.testng.internal.Invoker.invokeTestMethod(Invoker.java:719)
at org.testng.internal.Invoker.invokeTestMethods(Invoker.java:989)
at org.testng.internal.TestMethodWorker.invokeTestMethods(TestMethodWorker.java:125)
at org.testng.internal.TestMethodWorker.run(TestMethodWorker.java:109)
at org.testng.TestRunner.privateRun(TestRunner.java:648)
at org.testng.TestRunner.run(TestRunner.java:505)
at org.testng.SuiteRunner.runTest(SuiteRunner.java:455)
at org.testng.SuiteRunner.runSequentially(SuiteRunner.java:450)
at org.testng.SuiteRunner.privateRun(SuiteRunner.java:415)
at org.testng.SuiteRunner.run(SuiteRunner.java:364)
at org.testng.SuiteRunnerWorker.runSuite(SuiteRunnerWorker.java:52)
at org.testng.SuiteRunnerWorker.run(SuiteRunnerWorker.java:84)
at org.testng.TestNG.runSuitesSequentially(TestNG.java:1208)
at org.testng.TestNG.runSuitesLocally(TestNG.java:1137)
at org.testng.TestNG.runSuites(TestNG.java:1049)
at org.testng.TestNG.run(TestNG.java:1017)
at org.testng.remote.AbstractRemoteTestNG.run(AbstractRemoteTestNG.java:115)
at org.testng.remote.RemoteTestNG.initAndRun(RemoteTestNG.java:251)
at org.testng.remote.RemoteTestNG.main(RemoteTestNG.java:77)
]]>
    </failure>
  </testcase> <!-- TC01_Button -->
</testsuite> <!-- webdriver.Topic_08_Default_Radio_Checkbox -->
